#
# There is insufficient memory for the Java Runtime Environment to continue.
# Native memory allocation (malloc) failed to allocate 1048576 bytes. Error detail: AllocateHeap
# Possible reasons:
#   The system is out of physical RAM or swap space
#   This process is running with CompressedOops enabled, and the Java Heap may be blocking the growth of the native heap
# Possible solutions:
#   Reduce memory load on the system
#   Increase physical memory or swap space
#   Check if swap backing store is full
#   Decrease Java heap size (-Xmx/-Xms)
#   Decrease number of Java threads
#   Decrease Java thread stack sizes (-Xss)
#   Set larger code cache with -XX:ReservedCodeCacheSize=
#   JVM is running with Unscaled Compressed Oops mode in which the Java heap is
#     placed in the first 4GB address space. The Java Heap base address is the
#     maximum limit for the native heap growth. Please use -XX:HeapBaseMinAddress
#     to set the Java Heap base and to place the Java Heap above 4GB virtual address.
# This output file may be truncated or incomplete.
#
#  Out of Memory Error (allocation.cpp:44), pid=22588, tid=20164
#
# JRE version: OpenJDK Runtime Environment Temurin-21.0.10+7 (21.0.10+7) (build 21.0.10+7-LTS)
# Java VM: OpenJDK 64-Bit Server VM Temurin-21.0.10+7 (21.0.10+7-LTS, mixed mode, sharing, tiered, compressed oops, compressed class ptrs, parallel gc, windows-amd64)
# No core dump will be written. Minidumps are not enabled by default on client versions of Windows
#

---------------  S U M M A R Y ------------

Command Line: --add-modules=ALL-SYSTEM --add-opens=java.base/java.util=ALL-UNNAMED --add-opens=java.base/java.lang=ALL-UNNAMED --add-opens=java.base/sun.nio.fs=ALL-UNNAMED -Declipse.application=org.eclipse.jdt.ls.core.id1 -Dosgi.bundles.defaultStartLevel=4 -Declipse.product=org.eclipse.jdt.ls.core.product -Djava.import.generatesMetadataFilesAtProjectRoot=false -DDetectVMInstallationsJob.disabled=true -Dfile.encoding=utf8 -XX:+UseParallelGC -XX:GCTimeRatio=4 -XX:AdaptiveSizePolicyWeight=90 -Dsun.zip.disableMemoryMapping=true -Xmx2G -Xms100m -Xlog:disable -javaagent:c:\Users\ASUS\.trae\extensions\redhat.java-1.54.0-win32-x64\lombok\lombok-1.18.39-4050.jar -XX:+HeapDumpOnOutOfMemoryError -XX:HeapDumpPath=c:\Users\ASUS\AppData\Roaming\Trae\User\workspaceStorage\6ef1cd65c4aad28c2e4558f8dd0bbc4c\redhat.java -Daether.dependencyCollector.impl=bf c:\Users\ASUS\.trae\extensions\redhat.java-1.54.0-win32-x64\server\plugins\org.eclipse.equinox.launcher_1.7.100.v20251111-0406.jar -configuration c:\Users\ASUS\AppData\Roaming\Trae\User\globalStorage\redhat.java\1.54.0\config_win -data c:\Users\ASUS\AppData\Roaming\Trae\User\workspaceStorage\6ef1cd65c4aad28c2e4558f8dd0bbc4c\redhat.java\jdt_ws --pipe=\\.\pipe\lsp-3f859d2caf3410a49814e8fb9b8e964c-sock

Host: Intel(R) Core(TM) i5-8300H CPU @ 2.30GHz, 8 cores, 15G,  Windows 11 , 64 bit Build 26100 (10.0.26100.8246)
Time: Wed Apr 29 11:54:28 2026 elapsed time: 3789.811332 seconds (0d 1h 3m 9s)

---------------  T H R E A D  ---------------

Current thread (0x000002224592a8b0):  JavaThread "Attach Listener" daemon [_thread_in_vm, id=20164, stack(0x000000326e600000,0x000000326e700000) (1024K)]

Stack: [0x000000326e600000,0x000000326e700000]
Native frames: (J=compiled Java code, j=interpreted, Vv=VM code, C=native code)
V  [jvm.dll+0x6d7a39]
V  [jvm.dll+0x8b4b26]
V  [jvm.dll+0x8b70de]
V  [jvm.dll+0x8b77c3]
V  [jvm.dll+0x284346]
V  [jvm.dll+0xc1277]
V  [jvm.dll+0x6d82e9]
V  [jvm.dll+0x1334a6]
V  [jvm.dll+0x3f857e]
V  [jvm.dll+0x85f59d]
V  [jvm.dll+0x6d626d]
C  [ucrtbase.dll+0x37b0]
C  [KERNEL32.DLL+0x2e8d7]
C  [ntdll.dll+0x8c3fc]


---------------  P R O C E S S  ---------------

Threads class SMR info:
_java_thread_list=0x00000222889bd290, length=51, elements={
0x000002222cc64340, 0x000002222ef6b000, 0x0000022245924fa0, 0x0000022245929bd0,
0x000002224592a8b0, 0x000002224592e880, 0x0000022245934d50, 0x000002224593e680,
0x000002224593f420, 0x00000222883f8ff0, 0x0000022288535d10, 0x000002228888c010,
0x000002228d0acea0, 0x000002228d0ea560, 0x000002228d0eafa0, 0x000002228d36b880,
0x000002228d43cd30, 0x000002228d3dbec0, 0x0000022288823570, 0x0000022288820780,
0x00000222888221c0, 0x000002228fc3ac20, 0x000002228fc3b2b0, 0x000002228fc3bfd0,
0x000002228fc3a590, 0x000002228fc3b940, 0x000002228fc3ccf0, 0x000002228fc3c660,
0x000002228fc39870, 0x000002228fc3d380, 0x000002228fc39f00, 0x000002228fc3e730,
0x0000022290f91a00, 0x0000022290f8ffc0, 0x0000022290f93ad0, 0x0000022290f90650,
0x0000022288820e10, 0x00000222888200f0, 0x0000022288822850, 0x0000022288821b30,
0x0000022290f92720, 0x0000022290f95510, 0x0000022290f94160, 0x0000022290f947f0,
0x0000022290f92090, 0x0000022290f92db0, 0x0000022290f93440, 0x000002228fc40800,
0x000002228fc40e90, 0x000002228fc3da10, 0x0000022290f95ba0
}

Java Threads: ( => current thread )
  0x000002222cc64340 JavaThread "main"                              [_thread_blocked, id=19388, stack(0x000000326df00000,0x000000326e000000) (1024K)]
  0x000002222ef6b000 JavaThread "Reference Handler"          daemon [_thread_blocked, id=17044, stack(0x000000326e300000,0x000000326e400000) (1024K)]
  0x0000022245924fa0 JavaThread "Finalizer"                  daemon [_thread_blocked, id=10048, stack(0x000000326e400000,0x000000326e500000) (1024K)]
  0x0000022245929bd0 JavaThread "Signal Dispatcher"          daemon [_thread_blocked, id=2880, stack(0x000000326e500000,0x000000326e600000) (1024K)]
=>0x000002224592a8b0 JavaThread "Attach Listener"            daemon [_thread_in_vm, id=20164, stack(0x000000326e600000,0x000000326e700000) (1024K)]
  0x000002224592e880 JavaThread "Service Thread"             daemon [_thread_blocked, id=1536, stack(0x000000326e700000,0x000000326e800000) (1024K)]
  0x0000022245934d50 JavaThread "Monitor Deflation Thread"   daemon [_thread_blocked, id=6776, stack(0x000000326e800000,0x000000326e900000) (1024K)]
  0x000002224593e680 JavaThread "C2 CompilerThread0"         daemon [_thread_blocked, id=23148, stack(0x000000326e900000,0x000000326ea00000) (1024K)]
  0x000002224593f420 JavaThread "C1 CompilerThread0"         daemon [_thread_blocked, id=22772, stack(0x000000326ea00000,0x000000326eb00000) (1024K)]
  0x00000222883f8ff0 JavaThread "Common-Cleaner"             daemon [_thread_blocked, id=21744, stack(0x000000326eb00000,0x000000326ec00000) (1024K)]
  0x0000022288535d10 JavaThread "Notification Thread"        daemon [_thread_blocked, id=21220, stack(0x000000326ed00000,0x000000326ee00000) (1024K)]
  0x000002228888c010 JavaThread "Active Thread: Equinox Container: 15c7b1e8-2a27-4cca-8800-fb9023d3d3a4"        [_thread_blocked, id=23144, stack(0x000000326f500000,0x000000326f600000) (1024K)]
  0x000002228d0acea0 JavaThread "Refresh Thread: Equinox Container: 15c7b1e8-2a27-4cca-8800-fb9023d3d3a4" daemon [_thread_blocked, id=22256, stack(0x000000326f700000,0x000000326f800000) (1024K)]
  0x000002228d0ea560 JavaThread "Framework Event Dispatcher: Equinox Container: 15c7b1e8-2a27-4cca-8800-fb9023d3d3a4" daemon [_thread_blocked, id=15724, stack(0x000000326f800000,0x000000326f900000) (1024K)]
  0x000002228d0eafa0 JavaThread "Start Level: Equinox Container: 15c7b1e8-2a27-4cca-8800-fb9023d3d3a4" daemon [_thread_blocked, id=22780, stack(0x000000326f900000,0x000000326fa00000) (1024K)]
  0x000002228d36b880 JavaThread "Bundle File Closer"         daemon [_thread_blocked, id=21112, stack(0x000000326fa00000,0x000000326fb00000) (1024K)]
  0x000002228d43cd30 JavaThread "SCR Component Actor"        daemon [_thread_blocked, id=22172, stack(0x000000326ec00000,0x000000326ed00000) (1024K)]
  0x000002228d3dbec0 JavaThread "Worker-JM"                         [_thread_blocked, id=11612, stack(0x000000326fc00000,0x000000326fd00000) (1024K)]
  0x0000022288823570 JavaThread "JNA Cleaner"                daemon [_thread_blocked, id=21480, stack(0x000000326fb00000,0x000000326fc00000) (1024K)]
  0x0000022288820780 JavaThread "Java indexing"              daemon [_thread_blocked, id=18180, stack(0x000000326ff00000,0x0000003270000000) (1024K)]
  0x00000222888221c0 JavaThread "Thread-1"                   daemon [_thread_in_native, id=14484, stack(0x0000003270700000,0x0000003270800000) (1024K)]
  0x000002228fc3ac20 JavaThread "Thread-2"                   daemon [_thread_in_native, id=23244, stack(0x0000003270800000,0x0000003270900000) (1024K)]
  0x000002228fc3b2b0 JavaThread "Thread-3"                   daemon [_thread_in_native, id=21568, stack(0x0000003270900000,0x0000003270a00000) (1024K)]
  0x000002228fc3bfd0 JavaThread "Thread-4"                   daemon [_thread_in_native, id=21984, stack(0x0000003270a00000,0x0000003270b00000) (1024K)]
  0x000002228fc3a590 JavaThread "Thread-5"                   daemon [_thread_in_native, id=22324, stack(0x0000003270b00000,0x0000003270c00000) (1024K)]
  0x000002228fc3b940 JavaThread "Thread-6"                   daemon [_thread_in_native, id=21588, stack(0x0000003270c00000,0x0000003270d00000) (1024K)]
  0x000002228fc3ccf0 JavaThread "Thread-7"                   daemon [_thread_in_native, id=1288, stack(0x0000003270d00000,0x0000003270e00000) (1024K)]
  0x000002228fc3c660 JavaThread "Thread-8"                   daemon [_thread_in_native, id=2304, stack(0x0000003270e00000,0x0000003270f00000) (1024K)]
  0x000002228fc39870 JavaThread "Thread-9"                   daemon [_thread_in_native, id=11224, stack(0x0000003270f00000,0x0000003271000000) (1024K)]
  0x000002228fc3d380 JavaThread "pool-2-thread-1"                   [_thread_blocked, id=5364, stack(0x0000003271000000,0x0000003271100000) (1024K)]
  0x000002228fc39f00 JavaThread "WorkspaceEventsHandler"            [_thread_blocked, id=4720, stack(0x0000003271200000,0x0000003271300000) (1024K)]
  0x000002228fc3e730 JavaThread "pool-1-thread-1"                   [_thread_blocked, id=20044, stack(0x0000003271300000,0x0000003271400000) (1024K)]
  0x0000022290f91a00 JavaThread "LocalFile Deleter"          daemon [_thread_blocked, id=17624, stack(0x000000326fe00000,0x000000326ff00000) (1024K)]
  0x0000022290f8ffc0 JavaThread "LocalFile Deleter"          daemon [_thread_blocked, id=23436, stack(0x000000326dc00000,0x000000326dd00000) (1024K)]
  0x0000022290f93ad0 JavaThread "LocalFile Deleter"          daemon [_thread_blocked, id=22532, stack(0x000000326fd00000,0x000000326fe00000) (1024K)]
  0x0000022290f90650 JavaThread "LocalFile Deleter"          daemon [_thread_blocked, id=13660, stack(0x0000003270100000,0x0000003270200000) (1024K)]
  0x0000022288820e10 JavaThread "LocalFile Deleter"          daemon [_thread_blocked, id=24108, stack(0x000000326dd00000,0x000000326de00000) (1024K)]
  0x00000222888200f0 JavaThread "Worker-24"                         [_thread_blocked, id=24292, stack(0x000000326ee00000,0x000000326ef00000) (1024K)]
  0x0000022288822850 JavaThread "Compiler Source File Reader" daemon [_thread_blocked, id=24060, stack(0x0000003270600000,0x0000003270700000) (1024K)]
  0x0000022288821b30 JavaThread "Compiler Source File Reader" daemon [_thread_blocked, id=24028, stack(0x0000003271100000,0x0000003271200000) (1024K)]
  0x0000022290f92720 JavaThread "Compiler Source File Reader" daemon [_thread_blocked, id=24064, stack(0x0000003271400000,0x0000003271500000) (1024K)]
  0x0000022290f95510 JavaThread "Compiler Source File Reader" daemon [_thread_blocked, id=5208, stack(0x0000003271500000,0x0000003271600000) (1024K)]
  0x0000022290f94160 JavaThread "Compiler Source File Reader" daemon [_thread_blocked, id=23808, stack(0x0000003271600000,0x0000003271700000) (1024K)]
  0x0000022290f947f0 JavaThread "Compiler Source File Reader" daemon [_thread_blocked, id=24144, stack(0x0000003271700000,0x0000003271800000) (1024K)]
  0x0000022290f92090 JavaThread "LocalFile Deleter"          daemon [_thread_blocked, id=2564, stack(0x000000326de00000,0x000000326df00000) (1024K)]
  0x0000022290f92db0 JavaThread "LocalFile Deleter"          daemon [_thread_blocked, id=19104, stack(0x0000003270400000,0x0000003270500000) (1024K)]
  0x0000022290f93440 JavaThread "Worker-26"                         [_thread_blocked, id=15832, stack(0x0000003271800000,0x0000003271900000) (1024K)]
  0x000002228fc40800 JavaThread "Worker-27"                         [_thread_blocked, id=2028, stack(0x0000003270000000,0x0000003270100000) (1024K)]
  0x000002228fc40e90 JavaThread "LocalFile Deleter"          daemon [_thread_blocked, id=21688, stack(0x0000003270200000,0x0000003270300000) (1024K)]
  0x000002228fc3da10 JavaThread "Worker-28: Building"               [_thread_blocked, id=21620, stack(0x0000003270300000,0x0000003270400000) (1024K)]
  0x0000022290f95ba0 JavaThread "Worker-29: Updating workspace"        [_thread_blocked, id=1756, stack(0x0000003270500000,0x0000003270600000) (1024K)]
Total: 51

Other Threads:
  0x00000222459229d0 VMThread "VM Thread"                           [id=14544, stack(0x000000326e200000,0x000000326e300000) (1024K)] _threads_hazard_ptr=0x00000222889bd290
  0x000002224583ca10 WatcherThread "VM Periodic Task Thread"        [id=23264, stack(0x000000326e100000,0x000000326e200000) (1024K)]
  0x000002222eed0cf0 WorkerThread "GC Thread#0"                     [id=20180, stack(0x000000326e000000,0x000000326e100000) (1024K)]
  0x000002228894c830 WorkerThread "GC Thread#1"                     [id=22752, stack(0x000000326ef00000,0x000000326f000000) (1024K)]
  0x00000222887fd0e0 WorkerThread "GC Thread#2"                     [id=21136, stack(0x000000326f000000,0x000000326f100000) (1024K)]
  0x00000222887fd490 WorkerThread "GC Thread#3"                     [id=22608, stack(0x000000326f100000,0x000000326f200000) (1024K)]
  0x00000222887fd840 WorkerThread "GC Thread#4"                     [id=23048, stack(0x000000326f200000,0x000000326f300000) (1024K)]
  0x0000022288c1ded0 WorkerThread "GC Thread#5"                     [id=5824, stack(0x000000326f300000,0x000000326f400000) (1024K)]
  0x0000022288c1ff20 WorkerThread "GC Thread#6"                     [id=22352, stack(0x000000326f400000,0x000000326f500000) (1024K)]
  0x0000022288c202d0 WorkerThread "GC Thread#7"                     [id=23028, stack(0x000000326f600000,0x000000326f700000) (1024K)]
Total: 10

Threads with active compile tasks:
Total: 0

VM state: synchronizing (normal execution)

VM Mutex/Monitor currently owned by a thread:  ([mutex/lock_event])
[0x00007ffbf19ee560] Threads_lock - owner thread: 0x00000222459229d0
[0x00007ffbf19ee660] Heap_lock - owner thread: 0x000002228fc3da10

Heap address: 0x0000000080000000, size: 2048 MB, Compressed Oops mode: 32-bit

CDS archive(s) mapped at: [0x0000022246000000-0x0000022246ba0000-0x0000022246ba0000), size 12189696, SharedBaseAddress: 0x0000022246000000, ArchiveRelocationMode: 1.
Compressed class space mapped at: 0x0000022247000000-0x0000022287000000, reserved size: 1073741824
Narrow klass base: 0x0000022246000000, Narrow klass shift: 0, Narrow klass range: 0x100000000

GC Precious Log:
 CardTable entry size: 512
 CPUs: 8 total, 8 available
 Memory: 16236M
 Large Page Support: Disabled
 NUMA Support: Disabled
 Compressed Oops: Enabled (32-bit)
 Alignments: Space 512K, Generation 512K, Heap 2M
 Heap Min Capacity: 100M
 Heap Initial Capacity: 100M
 Heap Max Capacity: 2G
 Pre-touch: Disabled
 Parallel Workers: 8

Heap:
 PSYoungGen      total 2048K, used 1664K [0x00000000d5580000, 0x00000000d5880000, 0x0000000100000000)
  eden space 1536K, 100% used [0x00000000d5580000,0x00000000d5700000,0x00000000d5700000)
  from space 512K, 25% used [0x00000000d5800000,0x00000000d5820000,0x00000000d5880000)
  to   space 512K, 0% used [0x00000000d5780000,0x00000000d5780000,0x00000000d5800000)
 ParOldGen       total 785408K, used 785140K [0x0000000080000000, 0x00000000aff00000, 0x00000000d5580000)
  object space 785408K, 99% used [0x0000000080000000,0x00000000afebd0c8,0x00000000aff00000)
 Metaspace       used 66643K, committed 68032K, reserved 1114112K
  class space    used 6951K, committed 7552K, reserved 1048576K

Card table byte_map: [0x000002222e880000,0x000002222ec90000] _byte_map_base: 0x000002222e480000

Marking Bits: (ParMarkBitMap*) 0x00007ffbf19f3450
 Begin Bits: [0x0000022241360000, 0x0000022243360000)
 End Bits:   [0x0000022243360000, 0x0000022245360000)

Polling page: 0x000002222e670000

Metaspace:

Usage:
  Non-class:     58.29 MB used.
      Class:      6.79 MB used.
       Both:     65.08 MB used.

Virtual space:
  Non-class space:       64.00 MB reserved,      59.06 MB ( 92%) committed,  1 nodes.
      Class space:        1.00 GB reserved,       7.38 MB ( <1%) committed,  1 nodes.
             Both:        1.06 GB reserved,      66.44 MB (  6%) committed. 

Chunk freelists:
   Non-Class:  4.64 MB
       Class:  8.56 MB
        Both:  13.20 MB

MaxMetaspaceSize: unlimited
CompressedClassSpaceSize: 1.00 GB
Initial GC threshold: 21.00 MB
Current GC threshold: 97.31 MB
CDS: on
 - commit_granule_bytes: 65536.
 - commit_granule_words: 8192.
 - virtual_space_node_default_size: 8388608.
 - enlarge_chunks_in_place: 1.
 - use_allocation_guard: 0.


Internal statistics:

num_allocs_failed_limit: 9.
num_arena_births: 1056.
num_arena_deaths: 20.
num_vsnodes_births: 2.
num_vsnodes_deaths: 0.
num_space_committed: 1062.
num_space_uncommitted: 0.
num_chunks_returned_to_freelist: 32.
num_chunks_taken_from_freelist: 3957.
num_chunk_merges: 14.
num_chunk_splits: 2421.
num_chunks_enlarged: 1384.
num_inconsistent_stats: 0.

CodeHeap 'non-profiled nmethods': size=120000Kb used=12888Kb max_used=12888Kb free=107111Kb
 bounds [0x0000022239b80000, 0x000002223a820000, 0x00000222410b0000]
CodeHeap 'profiled nmethods': size=120000Kb used=28817Kb max_used=28817Kb free=91182Kb
 bounds [0x00000222320b0000, 0x0000022233ce0000, 0x00000222395e0000]
CodeHeap 'non-nmethods': size=5760Kb used=1470Kb max_used=1554Kb free=4290Kb
 bounds [0x00000222395e0000, 0x0000022239850000, 0x0000022239b80000]
CodeCache: size=245760Kb, used=43175Kb, max_used=43259Kb, free=202583Kb
 total_blobs=13427, nmethods=12649, adapters=683, full_count=0
Compilation: enabled, stopped_count=0, restarted_count=0

Compilation events (20 events):
Event: 3769.215 Thread 0x000002224593f420 13357       3       java.io.BufferedOutputStream::<init> (63 bytes)
Event: 3769.215 Thread 0x000002224593f420 nmethod 13357 0x0000022233cd2210 code [0x0000022233cd2460, 0x0000022233cd2f88]
Event: 3769.475 Thread 0x000002224593f420 13358       3       org.eclipse.core.internal.resources.Workspace::validateName (10 bytes)
Event: 3769.476 Thread 0x000002224593f420 nmethod 13358 0x0000022233cd3310 code [0x0000022233cd34c0, 0x0000022233cd3608]
Event: 3773.392 Thread 0x000002224593e680 13359       4       java.util.GregorianCalendar::getWeekNumber (89 bytes)
Event: 3773.394 Thread 0x000002224593e680 nmethod 13359 0x000002223a80ea90 code [0x000002223a80ec20, 0x000002223a80edb0]
Event: 3773.394 Thread 0x000002224593e680 13360       4       java.util.HashMap::keysToArray (81 bytes)
Event: 3773.401 Thread 0x000002224593e680 nmethod 13360 0x000002223a80ef10 code [0x000002223a80f0a0, 0x000002223a80f298]
Event: 3776.023 Thread 0x000002224593e680 13361       4       org.eclipse.jdt.internal.core.ClasspathEntry::fullInclusionPatternChars (81 bytes)
Event: 3776.024 Thread 0x000002224593e680 nmethod 13361 0x000002223a80f410 code [0x000002223a80f5a0, 0x000002223a80f658]
Event: 3780.330 Thread 0x000002224593e680 13362       4       java.util.ImmutableCollections::listCopy (54 bytes)
Event: 3780.361 Thread 0x000002224593f420 13363       3       org.eclipse.jdt.internal.compiler.util.HashtableOfObject::<init> (78 bytes)
Event: 3780.361 Thread 0x000002224593e680 nmethod 13362 0x000002223a80f710 code [0x000002223a80f960, 0x000002223a8106d8]
Event: 3780.362 Thread 0x000002224593f420 nmethod 13363 0x0000022233cd3710 code [0x0000022233cd3920, 0x0000022233cd3e70]
Event: 3783.388 Thread 0x000002224593f420 13364       3       org.eclipse.core.internal.localstore.CopyVisitor::getRefreshLocalVisitor (24 bytes)
Event: 3783.389 Thread 0x000002224593f420 nmethod 13364 0x0000022233cd4010 code [0x0000022233cd41c0, 0x0000022233cd43d0]
Event: 3784.037 Thread 0x000002224593e680 13365  s!   4       org.eclipse.core.internal.watson.ElementTree::openElementData (136 bytes)
Event: 3784.046 Thread 0x000002224593e680 nmethod 13365 0x000002223a810d90 code [0x000002223a810fc0, 0x000002223a811978]
Event: 3787.272 Thread 0x000002224593e680 13366       4       org.eclipse.jdt.internal.compiler.parser.Scanner::internalScanIdentifierOrKeyword (5041 bytes)
Event: 3787.384 Thread 0x000002224593e680 nmethod 13366 0x000002223a811e90 code [0x000002223a812440, 0x000002223a815630]

GC Heap History (20 events):
Event: 3788.079 GC heap before
{Heap before GC invocations=8644 (full 3):
 PSYoungGen      total 2048K, used 1792K [0x00000000d5580000, 0x00000000d5880000, 0x0000000100000000)
  eden space 1536K, 100% used [0x00000000d5580000,0x00000000d5700000,0x00000000d5700000)
  from space 512K, 50% used [0x00000000d5800000,0x00000000d5840000,0x00000000d5880000)
  to   space 512K, 0% used [0x00000000d5780000,0x00000000d5780000,0x00000000d5800000)
 ParOldGen       total 784896K, used 784796K [0x0000000080000000, 0x00000000afe80000, 0x00000000d5580000)
  object space 784896K, 99% used [0x0000000080000000,0x00000000afe670c8,0x00000000afe80000)
 Metaspace       used 66643K, committed 68032K, reserved 1114112K
  class space    used 6951K, committed 7552K, reserved 1048576K
}
Event: 3788.082 GC heap after
{Heap after GC invocations=8644 (full 3):
 PSYoungGen      total 2048K, used 128K [0x00000000d5580000, 0x00000000d5880000, 0x0000000100000000)
  eden space 1536K, 0% used [0x00000000d5580000,0x00000000d5580000,0x00000000d5700000)
  from space 512K, 25% used [0x00000000d5780000,0x00000000d57a0000,0x00000000d5800000)
  to   space 512K, 0% used [0x00000000d5800000,0x00000000d5800000,0x00000000d5880000)
 ParOldGen       total 784896K, used 784812K [0x0000000080000000, 0x00000000afe80000, 0x00000000d5580000)
  object space 784896K, 99% used [0x0000000080000000,0x00000000afe6b0c8,0x00000000afe80000)
 Metaspace       used 66643K, committed 68032K, reserved 1114112K
  class space    used 6951K, committed 7552K, reserved 1048576K
}
Event: 3788.138 GC heap before
{Heap before GC invocations=8645 (full 3):
 PSYoungGen      total 2048K, used 1664K [0x00000000d5580000, 0x00000000d5880000, 0x0000000100000000)
  eden space 1536K, 100% used [0x00000000d5580000,0x00000000d5700000,0x00000000d5700000)
  from space 512K, 25% used [0x00000000d5780000,0x00000000d57a0000,0x00000000d5800000)
  to   space 512K, 0% used [0x00000000d5800000,0x00000000d5800000,0x00000000d5880000)
 ParOldGen       total 784896K, used 784812K [0x0000000080000000, 0x00000000afe80000, 0x00000000d5580000)
  object space 784896K, 99% used [0x0000000080000000,0x00000000afe6b0c8,0x00000000afe80000)
 Metaspace       used 66643K, committed 68032K, reserved 1114112K
  class space    used 6951K, committed 7552K, reserved 1048576K
}
Event: 3788.140 GC heap after
{Heap after GC invocations=8645 (full 3):
 PSYoungGen      total 2048K, used 128K [0x00000000d5580000, 0x00000000d5880000, 0x0000000100000000)
  eden space 1536K, 0% used [0x00000000d5580000,0x00000000d5580000,0x00000000d5700000)
  from space 512K, 25% used [0x00000000d5800000,0x00000000d5820000,0x00000000d5880000)
  to   space 512K, 0% used [0x00000000d5780000,0x00000000d5780000,0x00000000d5800000)
 ParOldGen       total 784896K, used 784836K [0x0000000080000000, 0x00000000afe80000, 0x00000000d5580000)
  object space 784896K, 99% used [0x0000000080000000,0x00000000afe710c8,0x00000000afe80000)
 Metaspace       used 66643K, committed 68032K, reserved 1114112K
  class space    used 6951K, committed 7552K, reserved 1048576K
}
Event: 3788.203 GC heap before
{Heap before GC invocations=8646 (full 3):
 PSYoungGen      total 2048K, used 1664K [0x00000000d5580000, 0x00000000d5880000, 0x0000000100000000)
  eden space 1536K, 100% used [0x00000000d5580000,0x00000000d5700000,0x00000000d5700000)
  from space 512K, 25% used [0x00000000d5800000,0x00000000d5820000,0x00000000d5880000)
  to   space 512K, 0% used [0x00000000d5780000,0x00000000d5780000,0x00000000d5800000)
 ParOldGen       total 784896K, used 784836K [0x0000000080000000, 0x00000000afe80000, 0x00000000d5580000)
  object space 784896K, 99% used [0x0000000080000000,0x00000000afe710c8,0x00000000afe80000)
 Metaspace       used 66643K, committed 68032K, reserved 1114112K
  class space    used 6951K, committed 7552K, reserved 1048576K
}
Event: 3788.205 GC heap after
{Heap after GC invocations=8646 (full 3):
 PSYoungGen      total 2048K, used 192K [0x00000000d5580000, 0x00000000d5880000, 0x0000000100000000)
  eden space 1536K, 0% used [0x00000000d5580000,0x00000000d5580000,0x00000000d5700000)
  from space 512K, 37% used [0x00000000d5780000,0x00000000d57b0000,0x00000000d5800000)
  to   space 512K, 0% used [0x00000000d5800000,0x00000000d5800000,0x00000000d5880000)
 ParOldGen       total 784896K, used 784892K [0x0000000080000000, 0x00000000afe80000, 0x00000000d5580000)
  object space 784896K, 99% used [0x0000000080000000,0x00000000afe7f0c8,0x00000000afe80000)
 Metaspace       used 66643K, committed 68032K, reserved 1114112K
  class space    used 6951K, committed 7552K, reserved 1048576K
}
Event: 3788.259 GC heap before
{Heap before GC invocations=8647 (full 3):
 PSYoungGen      total 2048K, used 1728K [0x00000000d5580000, 0x00000000d5880000, 0x0000000100000000)
  eden space 1536K, 100% used [0x00000000d5580000,0x00000000d5700000,0x00000000d5700000)
  from space 512K, 37% used [0x00000000d5780000,0x00000000d57b0000,0x00000000d5800000)
  to   space 512K, 0% used [0x00000000d5800000,0x00000000d5800000,0x00000000d5880000)
 ParOldGen       total 784896K, used 784892K [0x0000000080000000, 0x00000000afe80000, 0x00000000d5580000)
  object space 784896K, 99% used [0x0000000080000000,0x00000000afe7f0c8,0x00000000afe80000)
 Metaspace       used 66643K, committed 68032K, reserved 1114112K
  class space    used 6951K, committed 7552K, reserved 1048576K
}
Event: 3788.260 GC heap after
{Heap after GC invocations=8647 (full 3):
 PSYoungGen      total 2048K, used 224K [0x00000000d5580000, 0x00000000d5880000, 0x0000000100000000)
  eden space 1536K, 0% used [0x00000000d5580000,0x00000000d5580000,0x00000000d5700000)
  from space 512K, 43% used [0x00000000d5800000,0x00000000d5838000,0x00000000d5880000)
  to   space 512K, 0% used [0x00000000d5780000,0x00000000d5780000,0x00000000d5800000)
 ParOldGen       total 785408K, used 784932K [0x0000000080000000, 0x00000000aff00000, 0x00000000d5580000)
  object space 785408K, 99% used [0x0000000080000000,0x00000000afe890c8,0x00000000aff00000)
 Metaspace       used 66643K, committed 68032K, reserved 1114112K
  class space    used 6951K, committed 7552K, reserved 1048576K
}
Event: 3788.331 GC heap before
{Heap before GC invocations=8648 (full 3):
 PSYoungGen      total 2048K, used 1759K [0x00000000d5580000, 0x00000000d5880000, 0x0000000100000000)
  eden space 1536K, 99% used [0x00000000d5580000,0x00000000d56fff98,0x00000000d5700000)
  from space 512K, 43% used [0x00000000d5800000,0x00000000d5838000,0x00000000d5880000)
  to   space 512K, 0% used [0x00000000d5780000,0x00000000d5780000,0x00000000d5800000)
 ParOldGen       total 785408K, used 784932K [0x0000000080000000, 0x00000000aff00000, 0x00000000d5580000)
  object space 785408K, 99% used [0x0000000080000000,0x00000000afe890c8,0x00000000aff00000)
 Metaspace       used 66643K, committed 68032K, reserved 1114112K
  class space    used 6951K, committed 7552K, reserved 1048576K
}
Event: 3788.333 GC heap after
{Heap after GC invocations=8648 (full 3):
 PSYoungGen      total 2048K, used 224K [0x00000000d5580000, 0x00000000d5880000, 0x0000000100000000)
  eden space 1536K, 0% used [0x00000000d5580000,0x00000000d5580000,0x00000000d5700000)
  from space 512K, 43% used [0x00000000d5780000,0x00000000d57b8000,0x00000000d5800000)
  to   space 512K, 0% used [0x00000000d5800000,0x00000000d5800000,0x00000000d5880000)
 ParOldGen       total 785408K, used 784964K [0x0000000080000000, 0x00000000aff00000, 0x00000000d5580000)
  object space 785408K, 99% used [0x0000000080000000,0x00000000afe910c8,0x00000000aff00000)
 Metaspace       used 66643K, committed 68032K, reserved 1114112K
  class space    used 6951K, committed 7552K, reserved 1048576K
}
Event: 3788.405 GC heap before
{Heap before GC invocations=8649 (full 3):
 PSYoungGen      total 2048K, used 1760K [0x00000000d5580000, 0x00000000d5880000, 0x0000000100000000)
  eden space 1536K, 100% used [0x00000000d5580000,0x00000000d5700000,0x00000000d5700000)
  from space 512K, 43% used [0x00000000d5780000,0x00000000d57b8000,0x00000000d5800000)
  to   space 512K, 0% used [0x00000000d5800000,0x00000000d5800000,0x00000000d5880000)
 ParOldGen       total 785408K, used 784964K [0x0000000080000000, 0x00000000aff00000, 0x00000000d5580000)
  object space 785408K, 99% used [0x0000000080000000,0x00000000afe910c8,0x00000000aff00000)
 Metaspace       used 66643K, committed 68032K, reserved 1114112K
  class space    used 6951K, committed 7552K, reserved 1048576K
}
Event: 3788.407 GC heap after
{Heap after GC invocations=8649 (full 3):
 PSYoungGen      total 2048K, used 128K [0x00000000d5580000, 0x00000000d5880000, 0x0000000100000000)
  eden space 1536K, 0% used [0x00000000d5580000,0x00000000d5580000,0x00000000d5700000)
  from space 512K, 25% used [0x00000000d5800000,0x00000000d5820000,0x00000000d5880000)
  to   space 512K, 0% used [0x00000000d5780000,0x00000000d5780000,0x00000000d5800000)
 ParOldGen       total 785408K, used 784988K [0x0000000080000000, 0x00000000aff00000, 0x00000000d5580000)
  object space 785408K, 99% used [0x0000000080000000,0x00000000afe970c8,0x00000000aff00000)
 Metaspace       used 66643K, committed 68032K, reserved 1114112K
  class space    used 6951K, committed 7552K, reserved 1048576K
}
Event: 3788.496 GC heap before
{Heap before GC invocations=8650 (full 3):
 PSYoungGen      total 2048K, used 1664K [0x00000000d5580000, 0x00000000d5880000, 0x0000000100000000)
  eden space 1536K, 100% used [0x00000000d5580000,0x00000000d5700000,0x00000000d5700000)
  from space 512K, 25% used [0x00000000d5800000,0x00000000d5820000,0x00000000d5880000)
  to   space 512K, 0% used [0x00000000d5780000,0x00000000d5780000,0x00000000d5800000)
 ParOldGen       total 785408K, used 784988K [0x0000000080000000, 0x00000000aff00000, 0x00000000d5580000)
  object space 785408K, 99% used [0x0000000080000000,0x00000000afe970c8,0x00000000aff00000)
 Metaspace       used 66643K, committed 68032K, reserved 1114112K
  class space    used 6951K, committed 7552K, reserved 1048576K
}
Event: 3788.497 GC heap after
{Heap after GC invocations=8650 (full 3):
 PSYoungGen      total 2048K, used 224K [0x00000000d5580000, 0x00000000d5880000, 0x0000000100000000)
  eden space 1536K, 0% used [0x00000000d5580000,0x00000000d5580000,0x00000000d5700000)
  from space 512K, 43% used [0x00000000d5780000,0x00000000d57b8000,0x00000000d5800000)
  to   space 512K, 0% used [0x00000000d5800000,0x00000000d5800000,0x00000000d5880000)
 ParOldGen       total 785408K, used 785036K [0x0000000080000000, 0x00000000aff00000, 0x00000000d5580000)
  object space 785408K, 99% used [0x0000000080000000,0x00000000afea30c8,0x00000000aff00000)
 Metaspace       used 66643K, committed 68032K, reserved 1114112K
  class space    used 6951K, committed 7552K, reserved 1048576K
}
Event: 3788.578 GC heap before
{Heap before GC invocations=8651 (full 3):
 PSYoungGen      total 2048K, used 1760K [0x00000000d5580000, 0x00000000d5880000, 0x0000000100000000)
  eden space 1536K, 100% used [0x00000000d5580000,0x00000000d5700000,0x00000000d5700000)
  from space 512K, 43% used [0x00000000d5780000,0x00000000d57b8000,0x00000000d5800000)
  to   space 512K, 0% used [0x00000000d5800000,0x00000000d5800000,0x00000000d5880000)
 ParOldGen       total 785408K, used 785036K [0x0000000080000000, 0x00000000aff00000, 0x00000000d5580000)
  object space 785408K, 99% used [0x0000000080000000,0x00000000afea30c8,0x00000000aff00000)
 Metaspace       used 66643K, committed 68032K, reserved 1114112K
  class space    used 6951K, committed 7552K, reserved 1048576K
}
Event: 3788.580 GC heap after
{Heap after GC invocations=8651 (full 3):
 PSYoungGen      total 2048K, used 192K [0x00000000d5580000, 0x00000000d5880000, 0x0000000100000000)
  eden space 1536K, 0% used [0x00000000d5580000,0x00000000d5580000,0x00000000d5700000)
  from space 512K, 37% used [0x00000000d5800000,0x00000000d5830000,0x00000000d5880000)
  to   space 512K, 0% used [0x00000000d5780000,0x00000000d5780000,0x00000000d5800000)
 ParOldGen       total 785408K, used 785076K [0x0000000080000000, 0x00000000aff00000, 0x00000000d5580000)
  object space 785408K, 99% used [0x0000000080000000,0x00000000afead0c8,0x00000000aff00000)
 Metaspace       used 66643K, committed 68032K, reserved 1114112K
  class space    used 6951K, committed 7552K, reserved 1048576K
}
Event: 3788.669 GC heap before
{Heap before GC invocations=8652 (full 3):
 PSYoungGen      total 2048K, used 1728K [0x00000000d5580000, 0x00000000d5880000, 0x0000000100000000)
  eden space 1536K, 100% used [0x00000000d5580000,0x00000000d5700000,0x00000000d5700000)
  from space 512K, 37% used [0x00000000d5800000,0x00000000d5830000,0x00000000d5880000)
  to   space 512K, 0% used [0x00000000d5780000,0x00000000d5780000,0x00000000d5800000)
 ParOldGen       total 785408K, used 785076K [0x0000000080000000, 0x00000000aff00000, 0x00000000d5580000)
  object space 785408K, 99% used [0x0000000080000000,0x00000000afead0c8,0x00000000aff00000)
 Metaspace       used 66643K, committed 68032K, reserved 1114112K
  class space    used 6951K, committed 7552K, reserved 1048576K
}
Event: 3788.671 GC heap after
{Heap after GC invocations=8652 (full 3):
 PSYoungGen      total 2048K, used 192K [0x00000000d5580000, 0x00000000d5880000, 0x0000000100000000)
  eden space 1536K, 0% used [0x00000000d5580000,0x00000000d5580000,0x00000000d5700000)
  from space 512K, 37% used [0x00000000d5780000,0x00000000d57b0000,0x00000000d5800000)
  to   space 512K, 0% used [0x00000000d5800000,0x00000000d5800000,0x00000000d5880000)
 ParOldGen       total 785408K, used 785108K [0x0000000080000000, 0x00000000aff00000, 0x00000000d5580000)
  object space 785408K, 99% used [0x0000000080000000,0x00000000afeb50c8,0x00000000aff00000)
 Metaspace       used 66643K, committed 68032K, reserved 1114112K
  class space    used 6951K, committed 7552K, reserved 1048576K
}
Event: 3788.751 GC heap before
{Heap before GC invocations=8653 (full 3):
 PSYoungGen      total 2048K, used 1727K [0x00000000d5580000, 0x00000000d5880000, 0x0000000100000000)
  eden space 1536K, 99% used [0x00000000d5580000,0x00000000d56fff80,0x00000000d5700000)
  from space 512K, 37% used [0x00000000d5780000,0x00000000d57b0000,0x00000000d5800000)
  to   space 512K, 0% used [0x00000000d5800000,0x00000000d5800000,0x00000000d5880000)
 ParOldGen       total 785408K, used 785108K [0x0000000080000000, 0x00000000aff00000, 0x00000000d5580000)
  object space 785408K, 99% used [0x0000000080000000,0x00000000afeb50c8,0x00000000aff00000)
 Metaspace       used 66643K, committed 68032K, reserved 1114112K
  class space    used 6951K, committed 7552K, reserved 1048576K
}
Event: 3788.755 GC heap after
{Heap after GC invocations=8653 (full 3):
 PSYoungGen      total 2048K, used 128K [0x00000000d5580000, 0x00000000d5880000, 0x0000000100000000)
  eden space 1536K, 0% used [0x00000000d5580000,0x00000000d5580000,0x00000000d5700000)
  from space 512K, 25% used [0x00000000d5800000,0x00000000d5820000,0x00000000d5880000)
  to   space 512K, 0% used [0x00000000d5780000,0x00000000d5780000,0x00000000d5800000)
 ParOldGen       total 785408K, used 785140K [0x0000000080000000, 0x00000000aff00000, 0x00000000d5580000)
  object space 785408K, 99% used [0x0000000080000000,0x00000000afebd0c8,0x00000000aff00000)
 Metaspace       used 66643K, committed 68032K, reserved 1114112K
  class space    used 6951K, committed 7552K, reserved 1048576K
}

Dll operation events (12 events):
Event: 0.011 Loaded shared library c:\Users\ASUS\.trae\extensions\redhat.java-1.54.0-win32-x64\jre\21.0.10-win32-x86_64\bin\java.dll
Event: 0.106 Loaded shared library c:\Users\ASUS\.trae\extensions\redhat.java-1.54.0-win32-x64\jre\21.0.10-win32-x86_64\bin\zip.dll
Event: 0.131 Loaded shared library C:\Users\ASUS\.trae\extensions\redhat.java-1.54.0-win32-x64\jre\21.0.10-win32-x86_64\bin\instrument.dll
Event: 0.137 Loaded shared library C:\Users\ASUS\.trae\extensions\redhat.java-1.54.0-win32-x64\jre\21.0.10-win32-x86_64\bin\net.dll
Event: 0.139 Loaded shared library C:\Users\ASUS\.trae\extensions\redhat.java-1.54.0-win32-x64\jre\21.0.10-win32-x86_64\bin\nio.dll
Event: 0.142 Loaded shared library C:\Users\ASUS\.trae\extensions\redhat.java-1.54.0-win32-x64\jre\21.0.10-win32-x86_64\bin\zip.dll
Event: 0.160 Loaded shared library C:\Users\ASUS\.trae\extensions\redhat.java-1.54.0-win32-x64\jre\21.0.10-win32-x86_64\bin\jimage.dll
Event: 0.225 Loaded shared library c:\Users\ASUS\.trae\extensions\redhat.java-1.54.0-win32-x64\jre\21.0.10-win32-x86_64\bin\verify.dll
Event: 1.663 Loaded shared library C:\Users\ASUS\AppData\Roaming\Trae\User\globalStorage\redhat.java\1.54.0\config_win\org.eclipse.equinox.launcher\org.eclipse.equinox.launcher.win32.win32.x86_64_1.3.0.v20260203-2149\eclipse_11919.dll
Event: 5.397 Loaded shared library C:\Users\ASUS\AppData\Local\Temp\jna-2018896\jna8474841488522932212.dll
Event: 7.937 Loaded shared library C:\Users\ASUS\.trae\extensions\redhat.java-1.54.0-win32-x64\jre\21.0.10-win32-x86_64\bin\sunmscapi.dll
Event: 8.787 Loaded shared library C:\Users\ASUS\.trae\extensions\redhat.java-1.54.0-win32-x64\jre\21.0.10-win32-x86_64\bin\extnet.dll

Deoptimization events (20 events):
Event: 3769.199 Thread 0x000002228fc3da10 Uncommon trap: trap_request=0xffffffde fr.pc=0x000002223a53a984 relative=0x0000000000001904
Event: 3769.199 Thread 0x000002228fc3da10 Uncommon trap: reason=class_check action=maybe_recompile pc=0x000002223a53a984 method=org.eclipse.core.internal.jobs.DeadlockDetector.computeConflicting(ILjava/util/Collection;)Ljava/util/Collection; @ 67 c2
Event: 3769.199 Thread 0x000002228fc3da10 DEOPT PACKING pc=0x000002223a53a984 sp=0x00000032703ff460
Event: 3769.199 Thread 0x000002228fc3da10 DEOPT UNPACKING pc=0x0000022239633aa2 sp=0x00000032703ff328 mode 2
Event: 3775.900 Thread 0x00000222888200f0 Uncommon trap: trap_request=0xffffffbe fr.pc=0x000002223a80f23c relative=0x000000000000019c
Event: 3775.900 Thread 0x00000222888200f0 Uncommon trap: reason=profile_predicate action=maybe_recompile pc=0x000002223a80f23c method=java.util.HashMap.keysToArray([Ljava/lang/Object;)[Ljava/lang/Object; @ 36 c2
Event: 3775.900 Thread 0x00000222888200f0 DEOPT PACKING pc=0x000002223a80f23c sp=0x000000326eefe260
Event: 3775.900 Thread 0x00000222888200f0 DEOPT UNPACKING pc=0x0000022239633aa2 sp=0x000000326eefe1e0 mode 2
Event: 3780.201 Thread 0x000002228fc40800 Uncommon trap: trap_request=0xffffffbe fr.pc=0x000002223a80f23c relative=0x000000000000019c
Event: 3780.201 Thread 0x000002228fc40800 Uncommon trap: reason=profile_predicate action=maybe_recompile pc=0x000002223a80f23c method=java.util.HashMap.keysToArray([Ljava/lang/Object;)[Ljava/lang/Object; @ 36 c2
Event: 3780.201 Thread 0x000002228fc40800 DEOPT PACKING pc=0x000002223a80f23c sp=0x00000032700fe2d0
Event: 3780.201 Thread 0x000002228fc40800 DEOPT UNPACKING pc=0x0000022239633aa2 sp=0x00000032700fe250 mode 2
Event: 3780.722 Thread 0x0000022288820780 Uncommon trap: trap_request=0xffffffbe fr.pc=0x000002223a80f23c relative=0x000000000000019c
Event: 3780.722 Thread 0x0000022288820780 Uncommon trap: reason=profile_predicate action=maybe_recompile pc=0x000002223a80f23c method=java.util.HashMap.keysToArray([Ljava/lang/Object;)[Ljava/lang/Object; @ 36 c2
Event: 3780.722 Thread 0x0000022288820780 DEOPT PACKING pc=0x000002223a80f23c sp=0x000000326fffe560
Event: 3780.722 Thread 0x0000022288820780 DEOPT UNPACKING pc=0x0000022239633aa2 sp=0x000000326fffe4e0 mode 2
Event: 3780.722 Thread 0x0000022288820780 Uncommon trap: trap_request=0xffffffbe fr.pc=0x000002223a80f23c relative=0x000000000000019c
Event: 3780.722 Thread 0x0000022288820780 Uncommon trap: reason=profile_predicate action=maybe_recompile pc=0x000002223a80f23c method=java.util.HashMap.keysToArray([Ljava/lang/Object;)[Ljava/lang/Object; @ 36 c2
Event: 3780.722 Thread 0x0000022288820780 DEOPT PACKING pc=0x000002223a80f23c sp=0x000000326fffe6c0
Event: 3780.722 Thread 0x0000022288820780 DEOPT UNPACKING pc=0x0000022239633aa2 sp=0x000000326fffe640 mode 2

Classes loaded (20 events):
Event: 315.803 Loading class java/util/function/LongFunction
Event: 315.803 Loading class java/util/function/LongFunction done
Event: 315.804 Loading class java/util/stream/Nodes$ConcNode
Event: 315.804 Loading class java/util/stream/Nodes$AbstractConcNode
Event: 315.804 Loading class java/util/stream/Nodes$AbstractConcNode done
Event: 315.804 Loading class java/util/stream/Nodes$ConcNode done
Event: 315.820 Loading class java/util/stream/Nodes$ToArrayTask$OfRef
Event: 315.820 Loading class java/util/stream/Nodes$ToArrayTask
Event: 315.820 Loading class java/util/stream/Nodes$ToArrayTask done
Event: 315.820 Loading class java/util/stream/Nodes$ToArrayTask$OfRef done
Event: 315.822 Loading class java/io/ObjectOutputStream$BlockDataOutputStream
Event: 315.822 Loading class java/io/ObjectOutputStream$BlockDataOutputStream done
Event: 315.822 Loading class java/io/ObjectOutputStream$HandleTable
Event: 315.823 Loading class java/io/ObjectOutputStream$HandleTable done
Event: 315.823 Loading class java/io/ObjectOutputStream$ReplaceTable
Event: 315.823 Loading class java/io/ObjectOutputStream$ReplaceTable done
Event: 407.788 Loading class java/util/ImmutableCollections$SubList
Event: 407.789 Loading class java/util/ImmutableCollections$SubList done
Event: 1101.962 Loading class java/nio/channels/CompletionHandler
Event: 1101.962 Loading class java/nio/channels/CompletionHandler done

Classes unloaded (10 events):
Event: 6.517 Thread 0x00000222459229d0 Unloading class 0x00000222471aac00 'java/lang/invoke/LambdaForm$MH+0x00000222471aac00'
Event: 6.517 Thread 0x00000222459229d0 Unloading class 0x00000222471aa800 'java/lang/invoke/LambdaForm$MH+0x00000222471aa800'
Event: 6.517 Thread 0x00000222459229d0 Unloading class 0x00000222471aa400 'java/lang/invoke/LambdaForm$MH+0x00000222471aa400'
Event: 6.517 Thread 0x00000222459229d0 Unloading class 0x00000222471aa000 'java/lang/invoke/LambdaForm$MH+0x00000222471aa000'
Event: 6.517 Thread 0x00000222459229d0 Unloading class 0x00000222471a9c00 'java/lang/invoke/LambdaForm$BMH+0x00000222471a9c00'
Event: 6.517 Thread 0x00000222459229d0 Unloading class 0x00000222471a9800 'java/lang/invoke/LambdaForm$DMH+0x00000222471a9800'
Event: 6.517 Thread 0x00000222459229d0 Unloading class 0x00000222471a8400 'java/lang/invoke/LambdaForm$DMH+0x00000222471a8400'
Event: 8.108 Thread 0x00000222459229d0 Unloading class 0x0000022247338c00 'java/lang/invoke/LambdaForm$MH+0x0000022247338c00'
Event: 8.108 Thread 0x00000222459229d0 Unloading class 0x0000022247337c00 'java/lang/invoke/LambdaForm$MH+0x0000022247337c00'
Event: 8.108 Thread 0x00000222459229d0 Unloading class 0x0000022247337800 'java/lang/invoke/LambdaForm$DMH+0x0000022247337800'

Classes redefined (0 events):
No events

Internal exceptions (20 events):
Event: 3788.718 Thread 0x000002228fc3da10 Exception <a 'sun/nio/fs/WindowsException'{0x00000000d56605d8}> (0x00000000d56605d8) 
thrown [s\src\hotspot\share\prims\jni.cpp, line 520]
Event: 3788.720 Thread 0x000002228fc3da10 Exception <a 'sun/nio/fs/WindowsException'{0x00000000d5672840}> (0x00000000d5672840) 
thrown [s\src\hotspot\share\prims\jni.cpp, line 520]
Event: 3788.723 Thread 0x000002228fc3da10 Exception <a 'sun/nio/fs/WindowsException'{0x00000000d5684b28}> (0x00000000d5684b28) 
thrown [s\src\hotspot\share\prims\jni.cpp, line 520]
Event: 3788.727 Thread 0x000002228fc3da10 Exception <a 'sun/nio/fs/WindowsException'{0x00000000d56970b0}> (0x00000000d56970b0) 
thrown [s\src\hotspot\share\prims\jni.cpp, line 520]
Event: 3788.731 Thread 0x000002228fc3da10 Exception <a 'sun/nio/fs/WindowsException'{0x00000000d56a93b0}> (0x00000000d56a93b0) 
thrown [s\src\hotspot\share\prims\jni.cpp, line 520]
Event: 3788.736 Thread 0x000002228fc3da10 Exception <a 'sun/nio/fs/WindowsException'{0x00000000d56bb338}> (0x00000000d56bb338) 
thrown [s\src\hotspot\share\prims\jni.cpp, line 520]
Event: 3788.739 Thread 0x000002228fc3da10 Exception <a 'sun/nio/fs/WindowsException'{0x00000000d56cd7f0}> (0x00000000d56cd7f0) 
thrown [s\src\hotspot\share\prims\jni.cpp, line 520]
Event: 3788.745 Thread 0x000002228fc3da10 Exception <a 'sun/nio/fs/WindowsException'{0x00000000d56dfc30}> (0x00000000d56dfc30) 
thrown [s\src\hotspot\share\prims\jni.cpp, line 520]
Event: 3788.748 Thread 0x000002228fc3da10 Exception <a 'sun/nio/fs/WindowsException'{0x00000000d56f1f10}> (0x00000000d56f1f10) 
thrown [s\src\hotspot\share\prims\jni.cpp, line 520]
Event: 3788.756 Thread 0x000002228fc3da10 Exception <a 'sun/nio/fs/WindowsException'{0x00000000d5583f38}> (0x00000000d5583f38) 
thrown [s\src\hotspot\share\prims\jni.cpp, line 520]
Event: 3788.761 Thread 0x000002228fc3da10 Exception <a 'sun/nio/fs/WindowsException'{0x00000000d5596180}> (0x00000000d5596180) 
thrown [s\src\hotspot\share\prims\jni.cpp, line 520]
Event: 3788.765 Thread 0x000002228fc3da10 Exception <a 'sun/nio/fs/WindowsException'{0x00000000d55a8938}> (0x00000000d55a8938) 
thrown [s\src\hotspot\share\prims\jni.cpp, line 520]
Event: 3788.768 Thread 0x000002228fc3da10 Exception <a 'sun/nio/fs/WindowsException'{0x00000000d55baa68}> (0x00000000d55baa68) 
thrown [s\src\hotspot\share\prims\jni.cpp, line 520]
Event: 3788.772 Thread 0x000002228fc3da10 Exception <a 'sun/nio/fs/WindowsException'{0x00000000d55ccd70}> (0x00000000d55ccd70) 
thrown [s\src\hotspot\share\prims\jni.cpp, line 520]
Event: 3788.781 Thread 0x000002228fc3da10 Exception <a 'sun/nio/fs/WindowsException'{0x00000000d55df1e0}> (0x00000000d55df1e0) 
thrown [s\src\hotspot\share\prims\jni.cpp, line 520]
Event: 3788.785 Thread 0x000002228fc3da10 Exception <a 'sun/nio/fs/WindowsException'{0x00000000d55f20e8}> (0x00000000d55f20e8) 
thrown [s\src\hotspot\share\prims\jni.cpp, line 520]
Event: 3788.788 Thread 0x000002228fc3da10 Exception <a 'sun/nio/fs/WindowsException'{0x00000000d56041a8}> (0x00000000d56041a8) 
thrown [s\src\hotspot\share\prims\jni.cpp, line 520]
Event: 3788.806 Thread 0x000002228fc3da10 Exception <a 'sun/nio/fs/WindowsException'{0x00000000d56161d8}> (0x00000000d56161d8) 
thrown [s\src\hotspot\share\prims\jni.cpp, line 520]
Event: 3788.811 Thread 0x000002228fc3da10 Exception <a 'sun/nio/fs/WindowsException'{0x00000000d56291d8}> (0x00000000d56291d8) 
thrown [s\src\hotspot\share\prims\jni.cpp, line 520]
Event: 3788.814 Thread 0x000002228fc3da10 Exception <a 'sun/nio/fs/WindowsException'{0x00000000d563b460}> (0x00000000d563b460) 
thrown [s\src\hotspot\share\prims\jni.cpp, line 520]

ZGC Phase Switch (0 events):
No events

VM Operations (20 events):
Event: 3788.079 Executing safepoint VM operation: ParallelGCFailedAllocation (Allocation Failure)
Event: 3788.082 Executing safepoint VM operation: ParallelGCFailedAllocation (Allocation Failure) done
Event: 3788.138 Executing safepoint VM operation: ParallelGCFailedAllocation (Allocation Failure)
Event: 3788.140 Executing safepoint VM operation: ParallelGCFailedAllocation (Allocation Failure) done
Event: 3788.203 Executing safepoint VM operation: ParallelGCFailedAllocation (Allocation Failure)
Event: 3788.205 Executing safepoint VM operation: ParallelGCFailedAllocation (Allocation Failure) done
Event: 3788.259 Executing safepoint VM operation: ParallelGCFailedAllocation (Allocation Failure)
Event: 3788.260 Executing safepoint VM operation: ParallelGCFailedAllocation (Allocation Failure) done
Event: 3788.331 Executing safepoint VM operation: ParallelGCFailedAllocation (Allocation Failure)
Event: 3788.333 Executing safepoint VM operation: ParallelGCFailedAllocation (Allocation Failure) done
Event: 3788.405 Executing safepoint VM operation: ParallelGCFailedAllocation (Allocation Failure)
Event: 3788.407 Executing safepoint VM operation: ParallelGCFailedAllocation (Allocation Failure) done
Event: 3788.496 Executing safepoint VM operation: ParallelGCFailedAllocation (Allocation Failure)
Event: 3788.497 Executing safepoint VM operation: ParallelGCFailedAllocation (Allocation Failure) done
Event: 3788.578 Executing safepoint VM operation: ParallelGCFailedAllocation (Allocation Failure)
Event: 3788.580 Executing safepoint VM operation: ParallelGCFailedAllocation (Allocation Failure) done
Event: 3788.669 Executing safepoint VM operation: ParallelGCFailedAllocation (Allocation Failure)
Event: 3788.671 Executing safepoint VM operation: ParallelGCFailedAllocation (Allocation Failure) done
Event: 3788.751 Executing safepoint VM operation: ParallelGCFailedAllocation (Allocation Failure)
Event: 3788.755 Executing safepoint VM operation: ParallelGCFailedAllocation (Allocation Failure) done

Memory protections (0 events):
No events

Nmethod flushes (20 events):
Event: 16.016 Thread 0x00000222459229d0 flushing  nmethod 0x00000222328e8a10
Event: 16.016 Thread 0x00000222459229d0 flushing  nmethod 0x00000222328e9790
Event: 16.016 Thread 0x00000222459229d0 flushing  nmethod 0x0000022232902b90
Event: 16.016 Thread 0x00000222459229d0 flushing  nmethod 0x0000022232904490
Event: 16.016 Thread 0x00000222459229d0 flushing  nmethod 0x0000022232904a90
Event: 16.016 Thread 0x00000222459229d0 flushing  nmethod 0x0000022232905910
Event: 16.016 Thread 0x00000222459229d0 flushing  nmethod 0x0000022232907810
Event: 16.016 Thread 0x00000222459229d0 flushing  nmethod 0x0000022232910510
Event: 16.016 Thread 0x00000222459229d0 flushing  nmethod 0x0000022232927e90
Event: 16.016 Thread 0x00000222459229d0 flushing  nmethod 0x000002223292c910
Event: 16.016 Thread 0x00000222459229d0 flushing  nmethod 0x0000022232943990
Event: 16.016 Thread 0x00000222459229d0 flushing  nmethod 0x0000022232978510
Event: 16.016 Thread 0x00000222459229d0 flushing  nmethod 0x0000022232988210
Event: 16.016 Thread 0x00000222459229d0 flushing  nmethod 0x00000222329a5290
Event: 16.016 Thread 0x00000222459229d0 flushing  nmethod 0x00000222329a6410
Event: 16.016 Thread 0x00000222459229d0 flushing  nmethod 0x00000222329a8690
Event: 16.016 Thread 0x00000222459229d0 flushing  nmethod 0x00000222329a9490
Event: 16.016 Thread 0x00000222459229d0 flushing  nmethod 0x00000222329aaa10
Event: 16.016 Thread 0x00000222459229d0 flushing  nmethod 0x00000222329abc90
Event: 16.016 Thread 0x00000222459229d0 flushing  nmethod 0x00000222329cc110

Events (20 events):
Event: 3615.417 Thread 0x000002228fc3e0a0 Thread added: 0x000002228fc3f450
Event: 3615.417 Thread 0x000002228fc3e0a0 Thread added: 0x0000022290f91370
Event: 3615.418 Thread 0x000002228fc3f450 Thread exited: 0x000002228fc3f450
Event: 3615.418 Thread 0x000002228fc3e0a0 Thread exited: 0x000002228fc3e0a0
Event: 3615.418 Thread 0x0000022290f91370 Thread exited: 0x0000022290f91370
Event: 3664.254 Thread 0x000002224593f420 Thread added: 0x000002228d049b60
Event: 3664.335 Thread 0x000002228fc40800 Thread added: 0x0000022290f91370
Event: 3664.348 Thread 0x000002224593f420 Thread added: 0x000002228d04a900
Event: 3669.387 Thread 0x000002228d04a900 Thread exited: 0x000002228d04a900
Event: 3669.419 Thread 0x000002228d049b60 Thread exited: 0x000002228d049b60
Event: 3675.542 Thread 0x0000022290f93440 Thread added: 0x0000022290f95ba0
Event: 3724.356 Thread 0x0000022290f91370 Thread exited: 0x0000022290f91370
Event: 3769.202 Thread 0x000002228fc3da10 Thread added: 0x0000022290f91370
Event: 3769.207 Thread 0x0000022290f91370 Thread exited: 0x0000022290f91370
Event: 3769.208 Thread 0x000002228fc3da10 Thread added: 0x0000022290f91370
Event: 3769.212 Thread 0x0000022290f91370 Thread added: 0x0000022290f96230
Event: 3769.213 Thread 0x0000022290f91370 Thread added: 0x000002228fc3f450
Event: 3769.222 Thread 0x0000022290f96230 Thread exited: 0x0000022290f96230
Event: 3769.223 Thread 0x000002228fc3f450 Thread exited: 0x000002228fc3f450
Event: 3769.223 Thread 0x0000022290f91370 Thread exited: 0x0000022290f91370


Dynamic libraries:
0x00007ff750cb0000 - 0x00007ff750cbe000 	c:\Users\ASUS\.trae\extensions\redhat.java-1.54.0-win32-x64\jre\21.0.10-win32-x86_64\bin\java.exe
0x00007ffccc8e0000 - 0x00007ffcccb47000 	C:\WINDOWS\SYSTEM32\ntdll.dll
0x00007ffccb150000 - 0x00007ffccb219000 	C:\WINDOWS\System32\KERNEL32.DLL
0x00007ffcc91b0000 - 0x00007ffcc95a4000 	C:\WINDOWS\System32\KERNELBASE.dll
0x00007ffcc9b10000 - 0x00007ffcc9c5b000 	C:\WINDOWS\System32\ucrtbase.dll
0x00007ffcb27d0000 - 0x00007ffcb27e8000 	c:\Users\ASUS\.trae\extensions\redhat.java-1.54.0-win32-x64\jre\21.0.10-win32-x86_64\bin\jli.dll
0x00007ffccb220000 - 0x00007ffccb3e5000 	C:\WINDOWS\System32\USER32.dll
0x00007ffcc9c60000 - 0x00007ffcc9c87000 	C:\WINDOWS\System32\win32u.dll
0x00007ffca3f30000 - 0x00007ffca3f4e000 	c:\Users\ASUS\.trae\extensions\redhat.java-1.54.0-win32-x64\jre\21.0.10-win32-x86_64\bin\VCRUNTIME140.dll
0x00007ffccb590000 - 0x00007ffccb5bb000 	C:\WINDOWS\System32\GDI32.dll
0x00007ffcc9720000 - 0x00007ffcc984b000 	C:\WINDOWS\System32\gdi32full.dll
0x00007ffcc98e0000 - 0x00007ffcc9983000 	C:\WINDOWS\System32\msvcp_win.dll
0x00007ffcb6630000 - 0x00007ffcb68c3000 	C:\WINDOWS\WinSxS\amd64_microsoft.windows.common-controls_6595b64144ccf1df_6.0.26100.8115_none_3e075c82e3354f9c\COMCTL32.dll
0x00007ffccbe70000 - 0x00007ffccbf19000 	C:\WINDOWS\System32\msvcrt.dll
0x00007ffccb680000 - 0x00007ffccb6b2000 	C:\WINDOWS\System32\IMM32.DLL
0x00007ffcc37c0000 - 0x00007ffcc37cc000 	c:\Users\ASUS\.trae\extensions\redhat.java-1.54.0-win32-x64\jre\21.0.10-win32-x86_64\bin\vcruntime140_1.dll
0x00007ffc4a940000 - 0x00007ffc4a9cd000 	c:\Users\ASUS\.trae\extensions\redhat.java-1.54.0-win32-x64\jre\21.0.10-win32-x86_64\bin\msvcp140.dll
0x00007ffbf0d30000 - 0x00007ffbf1ad1000 	c:\Users\ASUS\.trae\extensions\redhat.java-1.54.0-win32-x64\jre\21.0.10-win32-x86_64\bin\server\jvm.dll
0x00007ffccc3e0000 - 0x00007ffccc496000 	C:\WINDOWS\System32\ADVAPI32.dll
0x00007ffccb740000 - 0x00007ffccb7e7000 	C:\WINDOWS\System32\sechost.dll
0x00007ffccc730000 - 0x00007ffccc848000 	C:\WINDOWS\System32\RPCRT4.dll
0x00007ffccb940000 - 0x00007ffccb9c0000 	C:\WINDOWS\System32\WS2_32.dll
0x00007ffcc9010000 - 0x00007ffcc906e000 	C:\WINDOWS\SYSTEM32\POWRPROF.dll
0x00007ffcb8670000 - 0x00007ffcb86a6000 	C:\WINDOWS\SYSTEM32\WINMM.dll
0x00007ffcc1c80000 - 0x00007ffcc1c8b000 	C:\WINDOWS\SYSTEM32\VERSION.dll
0x00007ffcc8ff0000 - 0x00007ffcc9004000 	C:\WINDOWS\SYSTEM32\UMPDC.dll
0x00007ffcc7f00000 - 0x00007ffcc7f1b000 	C:\WINDOWS\SYSTEM32\kernel.appcore.dll
0x00007ffcafb10000 - 0x00007ffcafb1a000 	c:\Users\ASUS\.trae\extensions\redhat.java-1.54.0-win32-x64\jre\21.0.10-win32-x86_64\bin\jimage.dll
0x00007ffcc7030000 - 0x00007ffcc7272000 	C:\WINDOWS\SYSTEM32\DBGHELP.DLL
0x00007ffccbfd0000 - 0x00007ffccc352000 	C:\WINDOWS\System32\combase.dll
0x00007ffccb860000 - 0x00007ffccb938000 	C:\WINDOWS\System32\OLEAUT32.dll
0x00007ffcb4cb0000 - 0x00007ffcb4ceb000 	C:\WINDOWS\SYSTEM32\dbgcore.DLL
0x00007ffcc95b0000 - 0x00007ffcc9655000 	C:\WINDOWS\System32\bcryptPrimitives.dll
0x00007ffcaf7d0000 - 0x00007ffcaf7df000 	c:\Users\ASUS\.trae\extensions\redhat.java-1.54.0-win32-x64\jre\21.0.10-win32-x86_64\bin\instrument.dll
0x00007ffca3f10000 - 0x00007ffca3f30000 	c:\Users\ASUS\.trae\extensions\redhat.java-1.54.0-win32-x64\jre\21.0.10-win32-x86_64\bin\java.dll
0x00007ffcca690000 - 0x00007ffccadf7000 	C:\WINDOWS\System32\SHELL32.dll
0x00007ffcc9c90000 - 0x00007ffcc9dfa000 	C:\WINDOWS\System32\wintypes.dll
0x00007ffcc9e00000 - 0x00007ffcca668000 	C:\WINDOWS\System32\windows.storage.dll
0x00007ffccc630000 - 0x00007ffccc728000 	C:\WINDOWS\System32\SHCORE.dll
0x00007ffccc360000 - 0x00007ffccc3c6000 	C:\WINDOWS\System32\shlwapi.dll
0x00007ffcc90d0000 - 0x00007ffcc90f9000 	C:\WINDOWS\SYSTEM32\profapi.dll
0x00007ffca3570000 - 0x00007ffca3588000 	c:\Users\ASUS\.trae\extensions\redhat.java-1.54.0-win32-x64\jre\21.0.10-win32-x86_64\bin\zip.dll
0x00007ffcad250000 - 0x00007ffcad260000 	C:\Users\ASUS\.trae\extensions\redhat.java-1.54.0-win32-x64\jre\21.0.10-win32-x86_64\bin\net.dll
0x00007ffcc1610000 - 0x00007ffcc173d000 	C:\WINDOWS\SYSTEM32\WINHTTP.dll
0x00007ffcc8450000 - 0x00007ffcc84bc000 	C:\WINDOWS\system32\mswsock.dll
0x00007ffca3550000 - 0x00007ffca3566000 	C:\Users\ASUS\.trae\extensions\redhat.java-1.54.0-win32-x64\jre\21.0.10-win32-x86_64\bin\nio.dll
0x00007ffca78f0000 - 0x00007ffca7900000 	c:\Users\ASUS\.trae\extensions\redhat.java-1.54.0-win32-x64\jre\21.0.10-win32-x86_64\bin\verify.dll
0x00007ffc8d0f0000 - 0x00007ffc8d135000 	C:\Users\ASUS\AppData\Roaming\Trae\User\globalStorage\redhat.java\1.54.0\config_win\org.eclipse.equinox.launcher\org.eclipse.equinox.launcher.win32.win32.x86_64_1.3.0.v20260203-2149\eclipse_11919.dll
0x00007ffccb3f0000 - 0x00007ffccb587000 	C:\WINDOWS\System32\ole32.dll
0x00007ffcc8850000 - 0x00007ffcc886b000 	C:\WINDOWS\SYSTEM32\CRYPTSP.dll
0x00007ffcc7e60000 - 0x00007ffcc7e99000 	C:\WINDOWS\system32\rsaenh.dll
0x00007ffcc8500000 - 0x00007ffcc8533000 	C:\WINDOWS\SYSTEM32\USERENV.dll
0x00007ffcc90a0000 - 0x00007ffcc90ca000 	C:\WINDOWS\SYSTEM32\bcrypt.dll
0x00007ffcc86b0000 - 0x00007ffcc86bc000 	C:\WINDOWS\SYSTEM32\CRYPTBASE.dll
0x00007ffcc78e0000 - 0x00007ffcc7912000 	C:\WINDOWS\SYSTEM32\IPHLPAPI.DLL
0x00007ffccae00000 - 0x00007ffccae0a000 	C:\WINDOWS\System32\NSI.dll
0x00007ffc4a8f0000 - 0x00007ffc4a939000 	C:\Users\ASUS\AppData\Local\Temp\jna-2018896\jna8474841488522932212.dll
0x00007ffccc3d0000 - 0x00007ffccc3d8000 	C:\WINDOWS\System32\PSAPI.DLL
0x00007ffcc1c90000 - 0x00007ffcc1cad000 	C:\WINDOWS\SYSTEM32\dhcpcsvc6.DLL
0x00007ffcc1970000 - 0x00007ffcc1995000 	C:\WINDOWS\SYSTEM32\dhcpcsvc.DLL
0x00007ffca6510000 - 0x00007ffca651e000 	C:\Users\ASUS\.trae\extensions\redhat.java-1.54.0-win32-x64\jre\21.0.10-win32-x86_64\bin\sunmscapi.dll
0x00007ffcc9990000 - 0x00007ffcc9b07000 	C:\WINDOWS\System32\CRYPT32.dll
0x00007ffcc89b0000 - 0x00007ffcc89e0000 	C:\WINDOWS\SYSTEM32\ncrypt.dll
0x00007ffcc8960000 - 0x00007ffcc899f000 	C:\WINDOWS\SYSTEM32\NTASN1.dll
0x00007ffcc7970000 - 0x00007ffcc7aa2000 	C:\WINDOWS\SYSTEM32\DNSAPI.dll
0x00007ffcc1c70000 - 0x00007ffcc1c7b000 	C:\Windows\System32\rasadhlp.dll
0x00007ffcbd200000 - 0x00007ffcbd286000 	C:\WINDOWS\System32\fwpuclnt.dll
0x00007ffca6330000 - 0x00007ffca6339000 	C:\Users\ASUS\.trae\extensions\redhat.java-1.54.0-win32-x64\jre\21.0.10-win32-x86_64\bin\extnet.dll
0x00007ffcc8020000 - 0x00007ffcc8056000 	C:\WINDOWS\SYSTEM32\ntmarta.dll

JVMTI agents:
c:\Users\ASUS\.trae\extensions\redhat.java-1.54.0-win32-x64\lombok\lombok-1.18.39-4050.jar path:c:\Users\ASUS\.trae\extensions\redhat.java-1.54.0-win32-x64\jre\21.0.10-win32-x86_64\bin\instrument.dll, loaded, initialized, instrumentlib options:none

dbghelp: loaded successfully - version: 4.0.5 - missing functions: none
symbol engine: initialized successfully - sym options: 0x614 - pdb path: .;c:\Users\ASUS\.trae\extensions\redhat.java-1.54.0-win32-x64\jre\21.0.10-win32-x86_64\bin;C:\WINDOWS\SYSTEM32;C:\WINDOWS\WinSxS\amd64_microsoft.windows.common-controls_6595b64144ccf1df_6.0.26100.8115_none_3e075c82e3354f9c;c:\Users\ASUS\.trae\extensions\redhat.java-1.54.0-win32-x64\jre\21.0.10-win32-x86_64\bin\server;C:\Users\ASUS\AppData\Roaming\Trae\User\globalStorage\redhat.java\1.54.0\config_win\org.eclipse.equinox.launcher\org.eclipse.equinox.launcher.win32.win32.x86_64_1.3.0.v20260203-2149;C:\Users\ASUS\AppData\Local\Temp\jna-2018896

VM Arguments:
jvm_args: --add-modules=ALL-SYSTEM --add-opens=java.base/java.util=ALL-UNNAMED --add-opens=java.base/java.lang=ALL-UNNAMED --add-opens=java.base/sun.nio.fs=ALL-UNNAMED -Declipse.application=org.eclipse.jdt.ls.core.id1 -Dosgi.bundles.defaultStartLevel=4 -Declipse.product=org.eclipse.jdt.ls.core.product -Djava.import.generatesMetadataFilesAtProjectRoot=false -DDetectVMInstallationsJob.disabled=true -Dfile.encoding=utf8 -XX:+UseParallelGC -XX:GCTimeRatio=4 -XX:AdaptiveSizePolicyWeight=90 -Dsun.zip.disableMemoryMapping=true -Xmx2G -Xms100m -Xlog:disable -javaagent:c:\Users\ASUS\.trae\extensions\redhat.java-1.54.0-win32-x64\lombok\lombok-1.18.39-4050.jar -XX:+HeapDumpOnOutOfMemoryError -XX:HeapDumpPath=c:\Users\ASUS\AppData\Roaming\Trae\User\workspaceStorage\6ef1cd65c4aad28c2e4558f8dd0bbc4c\redhat.java -Daether.dependencyCollector.impl=bf 
java_command: c:\Users\ASUS\.trae\extensions\redhat.java-1.54.0-win32-x64\server\plugins\org.eclipse.equinox.launcher_1.7.100.v20251111-0406.jar -configuration c:\Users\ASUS\AppData\Roaming\Trae\User\globalStorage\redhat.java\1.54.0\config_win -data c:\Users\ASUS\AppData\Roaming\Trae\User\workspaceStorage\6ef1cd65c4aad28c2e4558f8dd0bbc4c\redhat.java\jdt_ws --pipe=\\.\pipe\lsp-3f859d2caf3410a49814e8fb9b8e964c-sock
java_class_path (initial): c:\Users\ASUS\.trae\extensions\redhat.java-1.54.0-win32-x64\server\plugins\org.eclipse.equinox.launcher_1.7.100.v20251111-0406.jar
Launcher Type: SUN_STANDARD

[Global flags]
    uintx AdaptiveSizePolicyWeight                 = 90                                        {product} {command line}
     intx CICompilerCount                          = 4                                         {product} {ergonomic}
    uintx GCTimeRatio                              = 4                                         {product} {command line}
     bool HeapDumpOnOutOfMemoryError               = true                                   {manageable} {command line}
    ccstr HeapDumpPath                             = c:\Users\ASUS\AppData\Roaming\Trae\User\workspaceStorage\6ef1cd65c4aad28c2e4558f8dd0bbc4c\redhat.java         {manageable} {command line}
   size_t InitialHeapSize                          = 104857600                                 {product} {command line}
   size_t MaxHeapSize                              = 2147483648                                {product} {command line}
   size_t MaxNewSize                               = 715653120                                 {product} {ergonomic}
   size_t MinHeapDeltaBytes                        = 524288                                    {product} {ergonomic}
   size_t MinHeapSize                              = 104857600                                 {product} {command line}
   size_t NewSize                                  = 34603008                                  {product} {ergonomic}
    uintx NonNMethodCodeHeapSize                   = 5839372                                {pd product} {ergonomic}
    uintx NonProfiledCodeHeapSize                  = 122909434                              {pd product} {ergonomic}
   size_t OldSize                                  = 70254592                                  {product} {ergonomic}
    uintx ProfiledCodeHeapSize                     = 122909434                              {pd product} {ergonomic}
    uintx ReservedCodeCacheSize                    = 251658240                              {pd product} {ergonomic}
     bool SegmentedCodeCache                       = true                                      {product} {ergonomic}
   size_t SoftMaxHeapSize                          = 2147483648                             {manageable} {ergonomic}
     bool UseCompressedOops                        = true                           {product lp64_product} {ergonomic}
     bool UseLargePagesIndividualAllocation        = false                                  {pd product} {ergonomic}
     bool UseParallelGC                            = true                                      {product} {command line}

Logging:
Log output configuration:
 #0: stdout all=off uptime,level,tags foldmultilines=false
 #1: stderr all=off uptime,level,tags foldmultilines=false

Release file:
JAVA_VERSION="21.0.10" 
MODULES="java.base java.compiler java.datatransfer java.xml java.prefs java.desktop java.instrument java.logging java.management java.security.sasl java.naming java.rmi java.management.rmi java.net.http java.scripting java.security.jgss java.transaction.xa java.sql java.sql.rowset java.xml.crypto java.se java.smartcardio jdk.accessibility jdk.internal.jvmstat jdk.attach jdk.charsets jdk.internal.opt jdk.zipfs jdk.compiler jdk.crypto.ec jdk.crypto.cryptoki jdk.crypto.mscapi jdk.dynalink jdk.internal.ed jdk.editpad jdk.hotspot.agent jdk.httpserver jdk.internal.le jdk.internal.vm.ci jdk.internal.vm.compiler jdk.internal.vm.compiler.management jdk.jartool jdk.javadoc jdk.jcmd jdk.management jdk.management.agent jdk.jconsole jdk.jdeps jdk.jdwp.agent jdk.jdi jdk.jfr jdk.jshell jdk.jsobject jdk.jstatd jdk.localedata jdk.management.jfr jdk.naming.dns jdk.naming.rmi jdk.net jdk.nio.mapmode jdk.random jdk.sctp jdk.security.auth jdk.security.jgss jdk.unsupported jdk.unsupported.desktop jdk.xml.dom" 

Environment Variables:
PATH=c:\Users\ASUS\.trae\tools\trae-gopls\current;c:\Users\ASUS\.trae\sdks\workspaces\6ef1cd65\versions\node\current;c:\Users\ASUS\.trae\sdks\versions\node\current;C:\Program Files\Eclipse Adoptium\bin;C:\Program Files\Common Files\Oracle\Java\javapath;C:\Program Files (x86)\VMware\VMware Workstation\bin\;C:\WINDOWS\system32;C:\WINDOWS;C:\WINDOWS\System32\Wbem;C:\WINDOWS\System32\WindowsPowerShell\v1.0\;C:\WINDOWS\System32\OpenSSH\;C:\Program Files\dotnet\;C:\Program Files\nodejs\;C:\apache-maven-3.9.9;C:\mysql-9.3.0-winx64.zip\mysql-9.3.0-winx64;C:\Program Files\Git\cmd;C:\Program Files (x86)\NVIDIA Corporation\PhysX\Common;C:\Program Files\PowerShell\7\;D:\maven\apache-maven-3.9.14\bin;c:\Users\ASUS\Videos\Trae\bin;C:\Users\ASUS\AppData\Local\Programs\Python\Python313\Scripts\;C:\Users\ASUS\AppData\Local\Programs\Python\Python313\;C:\Users\ASUS\AppData\Local\Microsoft\WindowsApps;C:\Users\ASUS\AppData\Local\Muse Hub\lib;C:\Users\ASUS\AppData\Roaming\npm;C:\Users\ASUS\AppData\Local\Programs\Microsoft VS Code\bin;C:\Program Files\JetBrains\IntelliJ IDEA 2025.1.1.1\bin;C:\mysql-9.3.0-winx64\mysql-9.3.0-winx64;C:\Users\ASUS\.lmstudio\bin;D:\Windsurf\bin;C:\Users\ASUS\AppData\Local\GitHubDesktop\bin;C:\Users\ASUS\AppData\Local\Microsoft\WinGet\Packages\GitHub.Copilot_Microsoft.Winget.Source_8wekyb3d8bbwe;Maven_bin;C:\Users\ASUS\AppData\Local\Microsoft\WindowsApps;D:\cursor\resources\app\bin;d:\Trae\resources\app\bin\lib
USERNAME=ASUS
OS=Windows_NT
PROCESSOR_IDENTIFIER=Intel64 Family 6 Model 158 Stepping 10, GenuineIntel
TMP=C:\Users\ASUS\AppData\Local\Temp
TEMP=C:\Users\ASUS\AppData\Local\Temp




Periodic native trim disabled

---------------  S Y S T E M  ---------------

OS:
 Windows 11 , 64 bit Build 26100 (10.0.26100.8246)
OS uptime: 0 days 4:02 hours
Hyper-V role detected

CPU: total 8 (initial active 8) (4 cores per cpu, 2 threads per core) family 6 model 158 stepping 10 microcode 0xde, cx8, cmov, fxsr, ht, mmx, 3dnowpref, sse, sse2, sse3, ssse3, sse4.1, sse4.2, popcnt, lzcnt, tsc, tscinvbit, avx, avx2, aes, erms, clmul, bmi1, bmi2, adx, fma, vzeroupper, clflush, clflushopt, hv, rdtscp, f16c
Processor Information for the first 8 processors :
  Max Mhz: 2304, Current Mhz: 2304, Mhz Limit: 2304

Memory: 4k page, system-wide physical 16236M (2976M free)
TotalPageFile size 20332M (AvailPageFile size 73M)
current process WorkingSet (physical memory assigned to process): 699M, peak: 699M
current process commit charge ("private bytes"): 1087M, peak: 1088M

vm_info: OpenJDK 64-Bit Server VM (21.0.10+7-LTS) for windows-amd64 JRE (21.0.10+7-LTS), built on 2026-01-20T00:00:00Z by "admin" with MS VC++ 17.12 (VS2022)

END.
